<?xml version="1.0" encoding="UTF-8"?>
<testsuite xmlns:xsi="http://www.w3.org/2001/XMLSchema-instance" xsi:noNamespaceSchemaLocation="https://maven.apache.org/surefire/maven-surefire-plugin/xsd/surefire-test-report.xsd" version="3.0.2" name="at.technikum.frontend.MainViewModelTest" time="22.239" tests="13" errors="3" skipped="0" failures="0">
  <properties>
    <property name="java.specification.version" value="21"/>
    <property name="javafx.runtime.version" value="17.0.12+2"/>
    <property name="sun.jnu.encoding" value="UTF-8"/>
    <property name="java.class.path" value="/home/karim/dev/CS-Bachelor/Semester-4/TourPlanner/frontend/target/test-classes:/home/karim/.m2/repository/com/google/code/findbugs/jsr305/3.0.2/jsr305-3.0.2.jar:/home/karim/.m2/repository/org/openjfx/javafx-controls/17.0.12/javafx-controls-17.0.12.jar:/home/karim/.m2/repository/org/openjfx/javafx-graphics/17.0.12/javafx-graphics-17.0.12.jar:/home/karim/.m2/repository/org/openjfx/javafx-base/17.0.12/javafx-base-17.0.12.jar:/home/karim/.m2/repository/org/openjfx/javafx-fxml/17.0.6/javafx-fxml-17.0.6.jar:/home/karim/.m2/repository/org/openjfx/javafx-web/17.0.12/javafx-web-17.0.12.jar:/home/karim/.m2/repository/org/openjfx/javafx-media/17.0.12/javafx-media-17.0.12.jar:/home/karim/.m2/repository/org/openjfx/javafx-swing/17.0.12/javafx-swing-17.0.12.jar:/home/karim/.m2/repository/org/junit/jupiter/junit-jupiter/5.12.1/junit-jupiter-5.12.1.jar:/home/karim/.m2/repository/org/junit/jupiter/junit-jupiter-api/5.12.1/junit-jupiter-api-5.12.1.jar:/home/karim/.m2/repository/org/opentest4j/opentest4j/1.3.0/opentest4j-1.3.0.jar:/home/karim/.m2/repository/org/junit/platform/junit-platform-commons/1.12.1/junit-platform-commons-1.12.1.jar:/home/karim/.m2/repository/org/apiguardian/apiguardian-api/1.1.2/apiguardian-api-1.1.2.jar:/home/karim/.m2/repository/org/junit/jupiter/junit-jupiter-params/5.12.1/junit-jupiter-params-5.12.1.jar:/home/karim/.m2/repository/org/junit/jupiter/junit-jupiter-engine/5.12.1/junit-jupiter-engine-5.12.1.jar:/home/karim/.m2/repository/org/testfx/testfx-core/4.0.18/testfx-core-4.0.18.jar:/home/karim/.m2/repository/org/hamcrest/hamcrest/2.1/hamcrest-2.1.jar:/home/karim/.m2/repository/org/assertj/assertj-core/3.13.2/assertj-core-3.13.2.jar:/home/karim/.m2/repository/org/osgi/org.osgi.core/6.0.0/org.osgi.core-6.0.0.jar:/home/karim/.m2/repository/org/testfx/testfx-junit5/4.0.18/testfx-junit5-4.0.18.jar:/home/karim/.m2/repository/org/testfx/openjfx-monocle/21.0.2/openjfx-monocle-21.0.2.jar:/home/karim/.m2/repository/org/junit/platform/junit-platform-engine/1.12.1/junit-platform-engine-1.12.1.jar:/home/karim/.m2/repository/jakarta/transaction/jakarta.transaction-api/2.0.1/jakarta.transaction-api-2.0.1.jar:/home/karim/.m2/repository/org/jboss/logging/jboss-logging/3.5.0.Final/jboss-logging-3.5.0.Final.jar:/home/karim/.m2/repository/org/hibernate/common/hibernate-commons-annotations/7.0.3.Final/hibernate-commons-annotations-7.0.3.Final.jar:/home/karim/.m2/repository/io/smallrye/jandex/3.2.0/jandex-3.2.0.jar:/home/karim/.m2/repository/com/fasterxml/classmate/1.5.1/classmate-1.5.1.jar:/home/karim/.m2/repository/net/bytebuddy/byte-buddy/1.15.11/byte-buddy-1.15.11.jar:/home/karim/.m2/repository/jakarta/xml/bind/jakarta.xml.bind-api/4.0.0/jakarta.xml.bind-api-4.0.0.jar:/home/karim/.m2/repository/jakarta/activation/jakarta.activation-api/2.1.0/jakarta.activation-api-2.1.0.jar:/home/karim/.m2/repository/org/glassfish/jaxb/jaxb-runtime/4.0.2/jaxb-runtime-4.0.2.jar:/home/karim/.m2/repository/org/glassfish/jaxb/jaxb-core/4.0.2/jaxb-core-4.0.2.jar:/home/karim/.m2/repository/org/eclipse/angus/angus-activation/2.0.0/angus-activation-2.0.0.jar:/home/karim/.m2/repository/org/glassfish/jaxb/txw2/4.0.2/txw2-4.0.2.jar:/home/karim/.m2/repository/com/sun/istack/istack-commons-runtime/4.1.1/istack-commons-runtime-4.1.1.jar:/home/karim/.m2/repository/jakarta/inject/jakarta.inject-api/2.0.1/jakarta.inject-api-2.0.1.jar:/home/karim/.m2/repository/org/antlr/antlr4-runtime/4.13.0/antlr4-runtime-4.13.0.jar:"/>
    <property name="java.vm.vendor" value="Eclipse Adoptium"/>
    <property name="sun.arch.data.model" value="64"/>
    <property name="java.vendor.url" value="https://adoptium.net/"/>
    <property name="user.timezone" value="Europe/Vienna"/>
    <property name="javafx.version" value="17.0.12"/>
    <property name="os.name" value="Linux"/>
    <property name="java.vm.specification.version" value="21"/>
    <property name="sun.java.launcher" value="SUN_STANDARD"/>
    <property name="user.country" value="US"/>
    <property name="sun.boot.library.path" value="/home/karim/.sdkman/candidates/java/21.0.7-tem/lib"/>
    <property name="sun.java.command" value="org.apache.maven.surefire.booter.ForkedBooter /home/karim/dev/CS-Bachelor/Semester-4/TourPlanner/frontend/target/surefire 2025-07-24T16-28-08_063-jvmRun1 surefire-20250724162808160_1tmp surefire_0-20250724162808160_2tmp"/>
    <property name="jdk.debug" value="release"/>
    <property name="surefire.test.class.path" value="/home/karim/dev/CS-Bachelor/Semester-4/TourPlanner/frontend/target/test-classes:/home/karim/.m2/repository/com/google/code/findbugs/jsr305/3.0.2/jsr305-3.0.2.jar:/home/karim/.m2/repository/org/openjfx/javafx-controls/17.0.12/javafx-controls-17.0.12.jar:/home/karim/.m2/repository/org/openjfx/javafx-graphics/17.0.12/javafx-graphics-17.0.12.jar:/home/karim/.m2/repository/org/openjfx/javafx-base/17.0.12/javafx-base-17.0.12.jar:/home/karim/.m2/repository/org/openjfx/javafx-fxml/17.0.6/javafx-fxml-17.0.6.jar:/home/karim/.m2/repository/org/openjfx/javafx-web/17.0.12/javafx-web-17.0.12.jar:/home/karim/.m2/repository/org/openjfx/javafx-media/17.0.12/javafx-media-17.0.12.jar:/home/karim/.m2/repository/org/openjfx/javafx-swing/17.0.12/javafx-swing-17.0.12.jar:/home/karim/.m2/repository/org/junit/jupiter/junit-jupiter/5.12.1/junit-jupiter-5.12.1.jar:/home/karim/.m2/repository/org/junit/jupiter/junit-jupiter-api/5.12.1/junit-jupiter-api-5.12.1.jar:/home/karim/.m2/repository/org/opentest4j/opentest4j/1.3.0/opentest4j-1.3.0.jar:/home/karim/.m2/repository/org/junit/platform/junit-platform-commons/1.12.1/junit-platform-commons-1.12.1.jar:/home/karim/.m2/repository/org/apiguardian/apiguardian-api/1.1.2/apiguardian-api-1.1.2.jar:/home/karim/.m2/repository/org/junit/jupiter/junit-jupiter-params/5.12.1/junit-jupiter-params-5.12.1.jar:/home/karim/.m2/repository/org/junit/jupiter/junit-jupiter-engine/5.12.1/junit-jupiter-engine-5.12.1.jar:/home/karim/.m2/repository/org/testfx/testfx-core/4.0.18/testfx-core-4.0.18.jar:/home/karim/.m2/repository/org/hamcrest/hamcrest/2.1/hamcrest-2.1.jar:/home/karim/.m2/repository/org/assertj/assertj-core/3.13.2/assertj-core-3.13.2.jar:/home/karim/.m2/repository/org/osgi/org.osgi.core/6.0.0/org.osgi.core-6.0.0.jar:/home/karim/.m2/repository/org/testfx/testfx-junit5/4.0.18/testfx-junit5-4.0.18.jar:/home/karim/.m2/repository/org/testfx/openjfx-monocle/21.0.2/openjfx-monocle-21.0.2.jar:/home/karim/.m2/repository/org/junit/platform/junit-platform-engine/1.12.1/junit-platform-engine-1.12.1.jar:/home/karim/.m2/repository/jakarta/transaction/jakarta.transaction-api/2.0.1/jakarta.transaction-api-2.0.1.jar:/home/karim/.m2/repository/org/jboss/logging/jboss-logging/3.5.0.Final/jboss-logging-3.5.0.Final.jar:/home/karim/.m2/repository/org/hibernate/common/hibernate-commons-annotations/7.0.3.Final/hibernate-commons-annotations-7.0.3.Final.jar:/home/karim/.m2/repository/io/smallrye/jandex/3.2.0/jandex-3.2.0.jar:/home/karim/.m2/repository/com/fasterxml/classmate/1.5.1/classmate-1.5.1.jar:/home/karim/.m2/repository/net/bytebuddy/byte-buddy/1.15.11/byte-buddy-1.15.11.jar:/home/karim/.m2/repository/jakarta/xml/bind/jakarta.xml.bind-api/4.0.0/jakarta.xml.bind-api-4.0.0.jar:/home/karim/.m2/repository/jakarta/activation/jakarta.activation-api/2.1.0/jakarta.activation-api-2.1.0.jar:/home/karim/.m2/repository/org/glassfish/jaxb/jaxb-runtime/4.0.2/jaxb-runtime-4.0.2.jar:/home/karim/.m2/repository/org/glassfish/jaxb/jaxb-core/4.0.2/jaxb-core-4.0.2.jar:/home/karim/.m2/repository/org/eclipse/angus/angus-activation/2.0.0/angus-activation-2.0.0.jar:/home/karim/.m2/repository/org/glassfish/jaxb/txw2/4.0.2/txw2-4.0.2.jar:/home/karim/.m2/repository/com/sun/istack/istack-commons-runtime/4.1.1/istack-commons-runtime-4.1.1.jar:/home/karim/.m2/repository/jakarta/inject/jakarta.inject-api/2.0.1/jakarta.inject-api-2.0.1.jar:/home/karim/.m2/repository/org/antlr/antlr4-runtime/4.13.0/antlr4-runtime-4.13.0.jar:"/>
    <property name="sun.cpu.endian" value="little"/>
    <property name="user.home" value="/home/karim"/>
    <property name="user.language" value="en"/>
    <property name="java.specification.vendor" value="Oracle Corporation"/>
    <property name="jdk.module.path" value="/home/karim/dev/CS-Bachelor/Semester-4/TourPlanner/frontend/target/classes:/home/karim/.m2/repository/com/github/librepdf/openpdf/1.3.30/openpdf-1.3.30.jar:/home/karim/.m2/repository/io/github/mkpaz/atlantafx-base/2.0.1/atlantafx-base-2.0.1.jar:/home/karim/.m2/repository/org/slf4j/slf4j-api/2.0.16/slf4j-api-2.0.16.jar:/home/karim/.m2/repository/ch/qos/logback/logback-classic/1.5.18/logback-classic-1.5.18.jar:/home/karim/.m2/repository/ch/qos/logback/logback-core/1.5.18/logback-core-1.5.18.jar:/home/karim/.m2/repository/org/projectlombok/lombok/1.18.32/lombok-1.18.32.jar:/home/karim/.m2/repository/org/openjfx/javafx-controls/17.0.12/javafx-controls-17.0.12-linux.jar:/home/karim/.m2/repository/org/openjfx/javafx-graphics/17.0.12/javafx-graphics-17.0.12-linux.jar:/home/karim/.m2/repository/org/openjfx/javafx-base/17.0.12/javafx-base-17.0.12-linux.jar:/home/karim/.m2/repository/org/openjfx/javafx-fxml/17.0.6/javafx-fxml-17.0.6-linux.jar:/home/karim/.m2/repository/org/openjfx/javafx-web/17.0.12/javafx-web-17.0.12-linux.jar:/home/karim/.m2/repository/org/openjfx/javafx-media/17.0.12/javafx-media-17.0.12-linux.jar:/home/karim/.m2/repository/org/openjfx/javafx-swing/17.0.12/javafx-swing-17.0.12-linux.jar:/home/karim/.m2/repository/org/controlsfx/controlsfx/11.2.1/controlsfx-11.2.1.jar:/home/karim/.m2/repository/org/kordamp/ikonli/ikonli-javafx/12.4.0/ikonli-javafx-12.4.0.jar:/home/karim/.m2/repository/org/kordamp/ikonli/ikonli-core/12.4.0/ikonli-core-12.4.0.jar:/home/karim/.m2/repository/at/technikum/common/1.0-SNAPSHOT/common-1.0-SNAPSHOT.jar:/home/karim/.m2/repository/jakarta/persistence/jakarta.persistence-api/3.1.0/jakarta.persistence-api-3.1.0.jar:/home/karim/.m2/repository/org/hibernate/orm/hibernate-core/6.6.11.Final/hibernate-core-6.6.11.Final.jar:/home/karim/.m2/repository/com/fasterxml/jackson/core/jackson-annotations/2.18.0/jackson-annotations-2.18.0.jar:/home/karim/.m2/repository/com/fasterxml/jackson/core/jackson-databind/2.18.3/jackson-databind-2.18.3.jar:/home/karim/.m2/repository/com/fasterxml/jackson/core/jackson-core/2.18.3/jackson-core-2.18.3.jar:/home/karim/.m2/repository/com/fasterxml/jackson/datatype/jackson-datatype-jsr310/2.18.3/jackson-datatype-jsr310-2.18.3.jar:/home/karim/.m2/repository/org/json/json/20231013/json-20231013.jar"/>
    <property name="java.version.date" value="2025-04-15"/>
    <property name="java.home" value="/home/karim/.sdkman/candidates/java/21.0.7-tem"/>
    <property name="file.separator" value="/"/>
    <property name="basedir" value="/home/karim/dev/CS-Bachelor/Semester-4/TourPlanner/frontend"/>
    <property name="java.vm.compressedOopsMode" value="Zero based"/>
    <property name="line.separator" value="&#10;"/>
    <property name="java.vm.specification.vendor" value="Oracle Corporation"/>
    <property name="java.specification.name" value="Java Platform API Specification"/>
    <property name="surefire.real.class.path" value="/home/karim/.m2/repository/org/apache/maven/surefire/surefire-booter/3.5.2/surefire-booter-3.5.2.jar:/home/karim/.m2/repository/org/apache/maven/surefire/surefire-api/3.5.2/surefire-api-3.5.2.jar:/home/karim/.m2/repository/org/apache/maven/surefire/surefire-extensions-spi/3.5.2/surefire-extensions-spi-3.5.2.jar:/home/karim/.m2/repository/org/apache/maven/surefire/surefire-shared-utils/3.5.2/surefire-shared-utils-3.5.2.jar:/home/karim/.m2/repository/org/apache/maven/surefire/surefire-logger-api/3.5.2/surefire-logger-api-3.5.2.jar:/home/karim/dev/CS-Bachelor/Semester-4/TourPlanner/frontend/target/test-classes:/home/karim/.m2/repository/com/google/code/findbugs/jsr305/3.0.2/jsr305-3.0.2.jar:/home/karim/.m2/repository/org/openjfx/javafx-controls/17.0.12/javafx-controls-17.0.12.jar:/home/karim/.m2/repository/org/openjfx/javafx-graphics/17.0.12/javafx-graphics-17.0.12.jar:/home/karim/.m2/repository/org/openjfx/javafx-base/17.0.12/javafx-base-17.0.12.jar:/home/karim/.m2/repository/org/openjfx/javafx-fxml/17.0.6/javafx-fxml-17.0.6.jar:/home/karim/.m2/repository/org/openjfx/javafx-web/17.0.12/javafx-web-17.0.12.jar:/home/karim/.m2/repository/org/openjfx/javafx-media/17.0.12/javafx-media-17.0.12.jar:/home/karim/.m2/repository/org/openjfx/javafx-swing/17.0.12/javafx-swing-17.0.12.jar:/home/karim/.m2/repository/org/junit/jupiter/junit-jupiter/5.12.1/junit-jupiter-5.12.1.jar:/home/karim/.m2/repository/org/junit/jupiter/junit-jupiter-api/5.12.1/junit-jupiter-api-5.12.1.jar:/home/karim/.m2/repository/org/opentest4j/opentest4j/1.3.0/opentest4j-1.3.0.jar:/home/karim/.m2/repository/org/junit/platform/junit-platform-commons/1.12.1/junit-platform-commons-1.12.1.jar:/home/karim/.m2/repository/org/apiguardian/apiguardian-api/1.1.2/apiguardian-api-1.1.2.jar:/home/karim/.m2/repository/org/junit/jupiter/junit-jupiter-params/5.12.1/junit-jupiter-params-5.12.1.jar:/home/karim/.m2/repository/org/junit/jupiter/junit-jupiter-engine/5.12.1/junit-jupiter-engine-5.12.1.jar:/home/karim/.m2/repository/org/testfx/testfx-core/4.0.18/testfx-core-4.0.18.jar:/home/karim/.m2/repository/org/hamcrest/hamcrest/2.1/hamcrest-2.1.jar:/home/karim/.m2/repository/org/assertj/assertj-core/3.13.2/assertj-core-3.13.2.jar:/home/karim/.m2/repository/org/osgi/org.osgi.core/6.0.0/org.osgi.core-6.0.0.jar:/home/karim/.m2/repository/org/testfx/testfx-junit5/4.0.18/testfx-junit5-4.0.18.jar:/home/karim/.m2/repository/org/testfx/openjfx-monocle/21.0.2/openjfx-monocle-21.0.2.jar:/home/karim/.m2/repository/org/junit/platform/junit-platform-engine/1.12.1/junit-platform-engine-1.12.1.jar:/home/karim/.m2/repository/jakarta/transaction/jakarta.transaction-api/2.0.1/jakarta.transaction-api-2.0.1.jar:/home/karim/.m2/repository/org/jboss/logging/jboss-logging/3.5.0.Final/jboss-logging-3.5.0.Final.jar:/home/karim/.m2/repository/org/hibernate/common/hibernate-commons-annotations/7.0.3.Final/hibernate-commons-annotations-7.0.3.Final.jar:/home/karim/.m2/repository/io/smallrye/jandex/3.2.0/jandex-3.2.0.jar:/home/karim/.m2/repository/com/fasterxml/classmate/1.5.1/classmate-1.5.1.jar:/home/karim/.m2/repository/net/bytebuddy/byte-buddy/1.15.11/byte-buddy-1.15.11.jar:/home/karim/.m2/repository/jakarta/xml/bind/jakarta.xml.bind-api/4.0.0/jakarta.xml.bind-api-4.0.0.jar:/home/karim/.m2/repository/jakarta/activation/jakarta.activation-api/2.1.0/jakarta.activation-api-2.1.0.jar:/home/karim/.m2/repository/org/glassfish/jaxb/jaxb-runtime/4.0.2/jaxb-runtime-4.0.2.jar:/home/karim/.m2/repository/org/glassfish/jaxb/jaxb-core/4.0.2/jaxb-core-4.0.2.jar:/home/karim/.m2/repository/org/eclipse/angus/angus-activation/2.0.0/angus-activation-2.0.0.jar:/home/karim/.m2/repository/org/glassfish/jaxb/txw2/4.0.2/txw2-4.0.2.jar:/home/karim/.m2/repository/com/sun/istack/istack-commons-runtime/4.1.1/istack-commons-runtime-4.1.1.jar:/home/karim/.m2/repository/jakarta/inject/jakarta.inject-api/2.0.1/jakarta.inject-api-2.0.1.jar:/home/karim/.m2/repository/org/antlr/antlr4-runtime/4.13.0/antlr4-runtime-4.13.0.jar:/home/karim/.m2/repository/org/apache/maven/surefire/surefire-junit-platform/3.5.2/surefire-junit-platform-3.5.2.jar:/home/karim/.m2/repository/org/apache/maven/surefire/common-java5/3.5.2/common-java5-3.5.2.jar:/home/karim/.m2/repository/org/junit/platform/junit-platform-launcher/1.12.1/junit-platform-launcher-1.12.1.jar"/>
    <property name="sun.management.compiler" value="HotSpot 64-Bit Tiered Compilers"/>
    <property name="java.runtime.version" value="21.0.7+6-LTS"/>
    <property name="user.name" value="karim"/>
    <property name="stdout.encoding" value="UTF-8"/>
    <property name="path.separator" value=":"/>
    <property name="os.version" value="6.15.6-zen1"/>
    <property name="java.runtime.name" value="OpenJDK Runtime Environment"/>
    <property name="file.encoding" value="UTF-8"/>
    <property name="app.test" value="true"/>
    <property name="java.vm.name" value="OpenJDK 64-Bit Server VM"/>
    <property name="java.vendor.version" value="Temurin-21.0.7+6"/>
    <property name="localRepository" value="/home/karim/.m2/repository"/>
    <property name="java.vendor.url.bug" value="https://github.com/adoptium/adoptium-support/issues"/>
    <property name="java.io.tmpdir" value="/tmp"/>
    <property name="java.version" value="21.0.7"/>
    <property name="user.dir" value="/home/karim/dev/CS-Bachelor/Semester-4/TourPlanner/frontend"/>
    <property name="os.arch" value="amd64"/>
    <property name="java.vm.specification.name" value="Java Virtual Machine Specification"/>
    <property name="native.encoding" value="UTF-8"/>
    <property name="java.library.path" value="/nix/store/sg3kqa0n0jr4z657gcmvbv7b1a8bm58d-pipewire-1.4.6-jack/lib:/usr/java/packages/lib:/usr/lib64:/lib64:/lib:/usr/lib"/>
    <property name="java.vm.info" value="mixed mode"/>
    <property name="stderr.encoding" value="UTF-8"/>
    <property name="java.vendor" value="Eclipse Adoptium"/>
    <property name="java.vm.version" value="21.0.7+6-LTS"/>
    <property name="sun.io.unicode.encoding" value="UnicodeLittle"/>
    <property name="java.class.version" value="65.0"/>
  </properties>
  <testcase name="testNewButtonAndCancel(FxRobot)" classname="at.technikum.frontend.MainViewModelTest" time="1.416">
    <error type="java.util.NoSuchElementException"><![CDATA[java.util.NoSuchElementException
	at java.base/java.util.Optional.orElseThrow(Optional.java:403)
	at org.testfx.service.finder.impl.WindowFinderImpl.window(WindowFinderImpl.java:70)
	at org.testfx.service.finder.impl.WindowFinderImpl.window(WindowFinderImpl.java:106)
	at org.testfx.api.FxRobot.window(FxRobot.java:146)
	at at.technikum.frontend/at.technikum.frontend.MainViewModelTest.testNewButtonAndCancel(tourFXTest.java:62)
	at java.base/java.lang.reflect.Method.invoke(Method.java:580)
	at java.base/java.util.ArrayList.forEach(ArrayList.java:1596)
	at java.base/java.util.ArrayList.forEach(ArrayList.java:1596)
]]></error>
    <system-out><![CDATA[16:28:08.743 [JavaFX Application Thread] INFO  a.t.frontend.TourPlannerApplication - /atlantafx/base/theme/primer-dark.css
]]></system-out>
  </testcase>
  <testcase name="testEditButtonAndCancel(FxRobot)" classname="at.technikum.frontend.MainViewModelTest" time="1.673">
    <system-out><![CDATA[16:28:09.885 [JavaFX Application Thread] INFO  a.t.frontend.TourPlannerApplication - /atlantafx/base/theme/primer-dark.css
]]></system-out>
  </testcase>
  <testcase name="testEditFirstTour(FxRobot)" classname="at.technikum.frontend.MainViewModelTest" time="2.902">
    <system-out><![CDATA[16:28:11.559 [JavaFX Application Thread] INFO  a.t.frontend.TourPlannerApplication - /atlantafx/base/theme/primer-dark.css
16:28:14.205 [JavaFX Application Thread] INFO  a.t.f.P.c.BaseTourController - Test mode detected, skipping validation and saving tour directly
]]></system-out>
  </testcase>
  <testcase name="testEditMultipleLogsAndFail(FxRobot)" classname="at.technikum.frontend.MainViewModelTest" time="0.78">
    <system-out><![CDATA[16:28:14.462 [JavaFX Application Thread] INFO  a.t.frontend.TourPlannerApplication - /atlantafx/base/theme/primer-dark.css
]]></system-out>
  </testcase>
  <testcase name="testCreatenewTour(FxRobot)" classname="at.technikum.frontend.MainViewModelTest" time="4.89">
    <system-out><![CDATA[16:28:15.243 [JavaFX Application Thread] INFO  a.t.frontend.TourPlannerApplication - /atlantafx/base/theme/primer-dark.css
16:28:19.877 [JavaFX Application Thread] INFO  a.t.f.P.c.BaseTourController - Test mode detected, skipping validation and saving tour directly
]]></system-out>
  </testcase>
  <testcase name="testDeleteLog(FxRobot)" classname="at.technikum.frontend.MainViewModelTest" time="1.525">
    <system-out><![CDATA[16:28:20.134 [JavaFX Application Thread] INFO  a.t.frontend.TourPlannerApplication - /atlantafx/base/theme/primer-dark.css
]]></system-out>
  </testcase>
  <testcase name="testEditLogAndCancel(FxRobot)" classname="at.technikum.frontend.MainViewModelTest" time="1.133">
    <error message="the query &quot;#logComment&quot; returned no nodes." type="org.testfx.api.FxRobotException"><![CDATA[org.testfx.api.FxRobotException: the query "#logComment" returned no nodes.
	at org.testfx.api.FxRobot.queryVisibleNode(FxRobot.java:949)
	at org.testfx.api.FxRobot.pointOfVisibleNode(FxRobot.java:922)
	at org.testfx.api.FxRobot.clickOn(FxRobot.java:630)
	at org.testfx.api.FxRobot.clickOn(FxRobot.java:59)
	at org.testfx.api.FxRobotInterface.clickOn(FxRobotInterface.java:639)
	at at.technikum.frontend/at.technikum.frontend.MainViewModelTest.testEditLogAndCancel(tourFXTest.java:232)
	at java.base/java.lang.reflect.Method.invoke(Method.java:580)
	at java.base/java.util.ArrayList.forEach(ArrayList.java:1596)
	at java.base/java.util.ArrayList.forEach(ArrayList.java:1596)
]]></error>
    <system-out><![CDATA[16:28:21.659 [JavaFX Application Thread] INFO  a.t.frontend.TourPlannerApplication - /atlantafx/base/theme/primer-dark.css
]]></system-out>
  </testcase>
  <testcase name="testDeleteButtonAndApply(FxRobot)" classname="at.technikum.frontend.MainViewModelTest" time="1.033">
    <system-out><![CDATA[16:28:22.792 [JavaFX Application Thread] INFO  a.t.frontend.TourPlannerApplication - /atlantafx/base/theme/primer-dark.css
]]></system-out>
  </testcase>
  <testcase name="testCreateLog(FxRobot)" classname="at.technikum.frontend.MainViewModelTest" time="1.015">
    <error message="org.testfx.service.query.EmptyNodeQueryException: there is no node in the scene-graph matching the query: NodeQuery: from nodes: [AnchorPane@379ff6f5[styleClass=root]],&#10;lookup by function: &quot;org.testfx.util.NodeQueryUtils$$Lambda/0x00000007c05b5230@21493f74&quot;,&#10;lookup by selector: &quot;#logStartDate&quot;" type="java.lang.RuntimeException"><![CDATA[java.lang.RuntimeException: 
org.testfx.service.query.EmptyNodeQueryException: there is no node in the scene-graph matching the query: NodeQuery: from nodes: [AnchorPane@379ff6f5[styleClass=root]],
lookup by function: "org.testfx.util.NodeQueryUtils$$Lambda/0x00000007c05b5230@21493f74",
lookup by selector: "#logStartDate"
	at org.testfx.util.WaitForAsyncUtils.waitFor(WaitForAsyncUtils.java:276)
	at org.testfx.api.FxRobot.interact(FxRobot.java:416)
	at at.technikum.frontend/at.technikum.frontend.MainViewModelTest.testCreateLog(tourFXTest.java:177)
	at java.base/java.lang.reflect.Method.invoke(Method.java:580)
	at java.base/java.util.ArrayList.forEach(ArrayList.java:1596)
	at java.base/java.util.ArrayList.forEach(ArrayList.java:1596)
Caused by: org.testfx.service.query.EmptyNodeQueryException: there is no node in the scene-graph matching the query: NodeQuery: from nodes: [AnchorPane@379ff6f5[styleClass=root]],
lookup by function: "org.testfx.util.NodeQueryUtils$$Lambda/0x00000007c05b5230@21493f74",
lookup by selector: "#logStartDate"
	at org.testfx.service.query.impl.NodeQueryImpl.query(NodeQueryImpl.java:131)
	at at.technikum.frontend/at.technikum.frontend.MainViewModelTest.lambda$testCreateLog$4(tourFXTest.java:178)
	at java.base/java.util.concurrent.Executors$RunnableAdapter.call(Executors.java:572)
	at java.base/java.util.concurrent.FutureTask.run(FutureTask.java:317)
	at javafx.graphics/com.sun.javafx.application.PlatformImpl.lambda$runLater$10(PlatformImpl.java:457)
	at java.base/java.security.AccessController.doPrivileged(AccessController.java:400)
	at javafx.graphics/com.sun.javafx.application.PlatformImpl.lambda$runLater$11(PlatformImpl.java:456)
	at javafx.graphics/com.sun.glass.ui.InvokeLaterDispatcher$Future.run(InvokeLaterDispatcher.java:96)
	at javafx.graphics/com.sun.glass.ui.gtk.GtkApplication._runLoop(Native Method)
	at javafx.graphics/com.sun.glass.ui.gtk.GtkApplication.lambda$runLoop$11(GtkApplication.java:290)
	at java.base/java.lang.Thread.run(Thread.java:1583)
]]></error>
    <system-out><![CDATA[16:28:23.825 [JavaFX Application Thread] INFO  a.t.frontend.TourPlannerApplication - /atlantafx/base/theme/primer-dark.css
]]></system-out>
    <system-err><![CDATA[--- Exception in Async Thread ---
org.testfx.service.query.EmptyNodeQueryException: there is no node in the scene-graph matching the query: NodeQuery: from nodes: [AnchorPane@379ff6f5[styleClass=root]],
lookup by function: "org.testfx.util.NodeQueryUtils$$Lambda/0x00000007c05b5230@21493f74",
lookup by selector: "#logStartDate"
	org.testfx.service.query.impl.NodeQueryImpl.query(NodeQueryImpl.java:131)
	at.technikum.frontend/at.technikum.frontend.MainViewModelTest.lambda$testCreateLog$4(tourFXTest.java:178)
	java.base/java.util.concurrent.Executors$RunnableAdapter.call(Executors.java:572)
	java.base/java.util.concurrent.FutureTask.run(FutureTask.java:317)
	javafx.graphics/com.sun.javafx.application.PlatformImpl.lambda$runLater$10(PlatformImpl.java:457)
	java.base/java.security.AccessController.doPrivileged(AccessController.java:400)
	javafx.graphics/com.sun.javafx.application.PlatformImpl.lambda$runLater$11(PlatformImpl.java:456)
	javafx.graphics/com.sun.glass.ui.InvokeLaterDispatcher$Future.run(InvokeLaterDispatcher.java:96)
	javafx.graphics/com.sun.glass.ui.gtk.GtkApplication._runLoop(Native Method)
	javafx.graphics/com.sun.glass.ui.gtk.GtkApplication.lambda$runLoop$11(GtkApplication.java:290)
	java.base/java.lang.Thread.run(Thread.java:1583)
--- Trace of caller of unhandled exception in Async Thread ---
	java.base/java.lang.Thread.getStackTrace(Thread.java:2451)
	org.testfx.util.WaitForAsyncUtils$ASyncFXCallable.<init>(WaitForAsyncUtils.java:645)
	org.testfx.util.WaitForAsyncUtils.asyncFx(WaitForAsyncUtils.java:235)
	org.testfx.api.FxRobot.interact(FxRobot.java:416)
	at.technikum.frontend/at.technikum.frontend.MainViewModelTest.testCreateLog(tourFXTest.java:177)
	java.base/jdk.internal.reflect.DirectMethodHandleAccessor.invoke(DirectMethodHandleAccessor.java:103)
	java.base/java.lang.reflect.Method.invoke(Method.java:580)
	org.junit.platform.commons.util.ReflectionUtils.invokeMethod(ReflectionUtils.java:775)
	org.junit.platform.commons.support.ReflectionSupport.invokeMethod(ReflectionSupport.java:479)
	org.junit.jupiter.engine.execution.MethodInvocation.proceed(MethodInvocation.java:60)
	org.junit.jupiter.engine.execution.InvocationInterceptorChain$ValidatingInvocation.proceed(InvocationInterceptorChain.java:131)
	org.junit.jupiter.engine.extension.TimeoutExtension.intercept(TimeoutExtension.java:161)
	org.junit.jupiter.engine.extension.TimeoutExtension.interceptTestableMethod(TimeoutExtension.java:152)
	org.junit.jupiter.engine.extension.TimeoutExtension.interceptTestMethod(TimeoutExtension.java:91)
	org.junit.jupiter.engine.execution.InterceptingExecutableInvoker$ReflectiveInterceptorCall.lambda$ofVoidMethod$0(InterceptingExecutableInvoker.java:112)
	org.junit.jupiter.engine.execution.InterceptingExecutableInvoker.lambda$invoke$0(InterceptingExecutableInvoker.java:94)
	org.junit.jupiter.engine.execution.InvocationInterceptorChain$InterceptedInvocation.proceed(InvocationInterceptorChain.java:106)
	org.junit.jupiter.engine.execution.InvocationInterceptorChain.proceed(InvocationInterceptorChain.java:64)
	org.junit.jupiter.engine.execution.InvocationInterceptorChain.chainAndInvoke(InvocationInterceptorChain.java:45)
	org.junit.jupiter.engine.execution.InvocationInterceptorChain.invoke(InvocationInterceptorChain.java:37)
	org.junit.jupiter.engine.execution.InterceptingExecutableInvoker.invoke(InterceptingExecutableInvoker.java:93)
	org.junit.jupiter.engine.execution.InterceptingExecutableInvoker.invoke(InterceptingExecutableInvoker.java:87)
	org.junit.jupiter.engine.descriptor.TestMethodTestDescriptor.lambda$invokeTestMethod$7(TestMethodTestDescriptor.java:216)
	org.junit.platform.engine.support.hierarchical.ThrowableCollector.execute(ThrowableCollector.java:73)
	org.junit.jupiter.engine.descriptor.TestMethodTestDescriptor.invokeTestMethod(TestMethodTestDescriptor.java:212)
	org.junit.jupiter.engine.descriptor.TestMethodTestDescriptor.execute(TestMethodTestDescriptor.java:137)
	org.junit.jupiter.engine.descriptor.TestMethodTestDescriptor.execute(TestMethodTestDescriptor.java:69)
	org.junit.platform.engine.support.hierarchical.NodeTestTask.lambda$executeRecursively$6(NodeTestTask.java:156)
	org.junit.platform.engine.support.hierarchical.ThrowableCollector.execute(ThrowableCollector.java:73)
	org.junit.platform.engine.support.hierarchical.NodeTestTask.lambda$executeRecursively$8(NodeTestTask.java:146)
	org.junit.platform.engine.support.hierarchical.Node.around(Node.java:137)
	org.junit.platform.engine.support.hierarchical.NodeTestTask.lambda$executeRecursively$9(NodeTestTask.java:144)
	org.junit.platform.engine.support.hierarchical.ThrowableCollector.execute(ThrowableCollector.java:73)
	org.junit.platform.engine.support.hierarchical.NodeTestTask.executeRecursively(NodeTestTask.java:143)
	org.junit.platform.engine.support.hierarchical.NodeTestTask.execute(NodeTestTask.java:100)
	java.base/java.util.ArrayList.forEach(ArrayList.java:1596)
	org.junit.platform.engine.support.hierarchical.SameThreadHierarchicalTestExecutorService.invokeAll(SameThreadHierarchicalTestExecutorService.java:41)
	org.junit.platform.engine.support.hierarchical.NodeTestTask.lambda$executeRecursively$6(NodeTestTask.java:160)
	org.junit.platform.engine.support.hierarchical.ThrowableCollector.execute(ThrowableCollector.java:73)
	org.junit.platform.engine.support.hierarchical.NodeTestTask.lambda$executeRecursively$8(NodeTestTask.java:146)
	org.junit.platform.engine.support.hierarchical.Node.around(Node.java:137)
	org.junit.platform.engine.support.hierarchical.NodeTestTask.lambda$executeRecursively$9(NodeTestTask.java:144)
	org.junit.platform.engine.support.hierarchical.ThrowableCollector.execute(ThrowableCollector.java:73)
	org.junit.platform.engine.support.hierarchical.NodeTestTask.executeRecursively(NodeTestTask.java:143)
	org.junit.platform.engine.support.hierarchical.NodeTestTask.execute(NodeTestTask.java:100)
	java.base/java.util.ArrayList.forEach(ArrayList.java:1596)
	org.junit.platform.engine.support.hierarchical.SameThreadHierarchicalTestExecutorService.invokeAll(SameThreadHierarchicalTestExecutorService.java:41)
	org.junit.platform.engine.support.hierarchical.NodeTestTask.lambda$executeRecursively$6(NodeTestTask.java:160)
	org.junit.platform.engine.support.hierarchical.ThrowableCollector.execute(ThrowableCollector.java:73)
	org.junit.platform.engine.support.hierarchical.NodeTestTask.lambda$executeRecursively$8(NodeTestTask.java:146)
	org.junit.platform.engine.support.hierarchical.Node.around(Node.java:137)
	org.junit.platform.engine.support.hierarchical.NodeTestTask.lambda$executeRecursively$9(NodeTestTask.java:144)
	org.junit.platform.engine.support.hierarchical.ThrowableCollector.execute(ThrowableCollector.java:73)
	org.junit.platform.engine.support.hierarchical.NodeTestTask.executeRecursively(NodeTestTask.java:143)
	org.junit.platform.engine.support.hierarchical.NodeTestTask.execute(NodeTestTask.java:100)
	org.junit.platform.engine.support.hierarchical.SameThreadHierarchicalTestExecutorService.submit(SameThreadHierarchicalTestExecutorService.java:35)
	org.junit.platform.engine.support.hierarchical.HierarchicalTestExecutor.execute(HierarchicalTestExecutor.java:57)
	org.junit.platform.engine.support.hierarchical.HierarchicalTestEngine.execute(HierarchicalTestEngine.java:54)
	org.junit.platform.launcher.core.EngineExecutionOrchestrator.execute(EngineExecutionOrchestrator.java:201)
	org.junit.platform.launcher.core.EngineExecutionOrchestrator.execute(EngineExecutionOrchestrator.java:170)
	org.junit.platform.launcher.core.EngineExecutionOrchestrator.execute(EngineExecutionOrchestrator.java:94)
	org.junit.platform.launcher.core.EngineExecutionOrchestrator.lambda$execute$0(EngineExecutionOrchestrator.java:59)
	org.junit.platform.launcher.core.EngineExecutionOrchestrator.withInterceptedStreams(EngineExecutionOrchestrator.java:142)
	org.junit.platform.launcher.core.EngineExecutionOrchestrator.execute(EngineExecutionOrchestrator.java:58)
	org.junit.platform.launcher.core.DefaultLauncher.execute(DefaultLauncher.java:103)
	org.junit.platform.launcher.core.DefaultLauncher.execute(DefaultLauncher.java:85)
	org.junit.platform.launcher.core.DelegatingLauncher.execute(DelegatingLauncher.java:47)
	org.junit.platform.launcher.core.InterceptingLauncher.lambda$execute$1(InterceptingLauncher.java:39)
	org.junit.platform.launcher.core.ClasspathAlignmentCheckingLauncherInterceptor.intercept(ClasspathAlignmentCheckingLauncherInterceptor.java:25)
	org.junit.platform.launcher.core.InterceptingLauncher.execute(InterceptingLauncher.java:38)
	org.junit.platform.launcher.core.DelegatingLauncher.execute(DelegatingLauncher.java:47)
	org.apache.maven.surefire.junitplatform.LazyLauncher.execute(LazyLauncher.java:56)
	org.apache.maven.surefire.junitplatform.JUnitPlatformProvider.execute(JUnitPlatformProvider.java:184)
	org.apache.maven.surefire.junitplatform.JUnitPlatformProvider.invokeAllTests(JUnitPlatformProvider.java:148)
	org.apache.maven.surefire.junitplatform.JUnitPlatformProvider.invoke(JUnitPlatformProvider.java:122)
	org.apache.maven.surefire.booter.ForkedBooter.runSuitesInProcess(ForkedBooter.java:385)
	org.apache.maven.surefire.booter.ForkedBooter.execute(ForkedBooter.java:162)
	org.apache.maven.surefire.booter.ForkedBooter.run(ForkedBooter.java:507)
	org.apache.maven.surefire.booter.ForkedBooter.main(ForkedBooter.java:495)

]]></system-err>
  </testcase>
  <testcase name="testDeleteTourEntry(FxRobot)" classname="at.technikum.frontend.MainViewModelTest" time="1.032">
    <system-out><![CDATA[16:28:24.841 [JavaFX Application Thread] INFO  a.t.frontend.TourPlannerApplication - /atlantafx/base/theme/primer-dark.css
]]></system-out>
  </testcase>
  <testcase name="testDeleteMultipleLogs(FxRobot)" classname="at.technikum.frontend.MainViewModelTest" time="1.282">
    <system-out><![CDATA[16:28:25.873 [JavaFX Application Thread] INFO  a.t.frontend.TourPlannerApplication - /atlantafx/base/theme/primer-dark.css
]]></system-out>
  </testcase>
  <testcase name="testNameOfFirstListItem(FxRobot)" classname="at.technikum.frontend.MainViewModelTest" time="0.284">
    <system-out><![CDATA[16:28:27.156 [JavaFX Application Thread] INFO  a.t.frontend.TourPlannerApplication - /atlantafx/base/theme/primer-dark.css
]]></system-out>
  </testcase>
  <testcase name="testEditLog(FxRobot)" classname="at.technikum.frontend.MainViewModelTest" time="3.253">
    <system-out><![CDATA[16:28:27.440 [JavaFX Application Thread] INFO  a.t.frontend.TourPlannerApplication - /atlantafx/base/theme/primer-dark.css
]]></system-out>
  </testcase>
</testsuite>