<?xml version="1.0" encoding="UTF-8"?>
<testsuite xmlns:xsi="http://www.w3.org/2001/XMLSchema-instance" xsi:noNamespaceSchemaLocation="https://maven.apache.org/surefire/maven-surefire-plugin/xsd/surefire-test-report.xsd" version="3.0.2" name="at.technikum.frontend.MainViewModelTest" time="22.239" tests="13" errors="3" skipped="0" failures="0">
  <properties>
[...]
</properties>
  <testcase name="testNewButtonAndCancel(FxRobot)" classname="at.technikum.frontend.MainViewModelTest" time="1.416">
    <error type="java.util.NoSuchElementException"><![CDATA[java.util.NoSuchElementException
	at java.base/java.util.Optional.orElseThrow(Optional.java:403)
	at org.testfx.service.finder.impl.WindowFinderImpl.window(WindowFinderImpl.java:70)
	at org.testfx.service.finder.impl.WindowFinderImpl.window(WindowFinderImpl.java:106)
	at org.testfx.api.FxRobot.window(FxRobot.java:146)
	at at.technikum.frontend/at.technikum.frontend.MainViewModelTest.testNewButtonAndCancel(tourFXTest.java:62)
	at java.base/java.lang.reflect.Method.invoke(Method.java:580)
	at java.base/java.util.ArrayList.forEach(ArrayList.java:1596)
	at java.base/java.util.ArrayList.forEach(ArrayList.java:1596)
]]></error>
    <system-out><![CDATA[16:28:08.743 [JavaFX Application Thread] INFO  a.t.frontend.TourPlannerApplication - /atlantafx/base/theme/primer-dark.css
]]></system-out>
  </testcase>
  <testcase name="testEditButtonAndCancel(FxRobot)" classname="at.technikum.frontend.MainViewModelTest" time="1.673">
    <system-out><![CDATA[16:28:09.885 [JavaFX Application Thread] INFO  a.t.frontend.TourPlannerApplication - /atlantafx/base/theme/primer-dark.css
]]></system-out>
  </testcase>
  <testcase name="testEditFirstTour(FxRobot)" classname="at.technikum.frontend.MainViewModelTest" time="2.902">
    <system-out><![CDATA[16:28:11.559 [JavaFX Application Thread] INFO  a.t.frontend.TourPlannerApplication - /atlantafx/base/theme/primer-dark.css
16:28:14.205 [JavaFX Application Thread] INFO  a.t.f.P.c.BaseTourController - Test mode detected, skipping validation and saving tour directly
]]></system-out>
  </testcase>
  <testcase name="testEditMultipleLogsAndFail(FxRobot)" classname="at.technikum.frontend.MainViewModelTest" time="0.78">
    <system-out><![CDATA[16:28:14.462 [JavaFX Application Thread] INFO  a.t.frontend.TourPlannerApplication - /atlantafx/base/theme/primer-dark.css
]]></system-out>
  </testcase>
  <testcase name="testCreatenewTour(FxRobot)" classname="at.technikum.frontend.MainViewModelTest" time="4.89">
    <system-out><![CDATA[16:28:15.243 [JavaFX Application Thread] INFO  a.t.frontend.TourPlannerApplication - /atlantafx/base/theme/primer-dark.css
16:28:19.877 [JavaFX Application Thread] INFO  a.t.f.P.c.BaseTourController - Test mode detected, skipping validation and saving tour directly
]]></system-out>
  </testcase>
  <testcase name="testDeleteLog(FxRobot)" classname="at.technikum.frontend.MainViewModelTest" time="1.525">
    <system-out><![CDATA[16:28:20.134 [JavaFX Application Thread] INFO  a.t.frontend.TourPlannerApplication - /atlantafx/base/theme/primer-dark.css
]]></system-out>
  </testcase>
  <testcase name="testEditLogAndCancel(FxRobot)" classname="at.technikum.frontend.MainViewModelTest" time="1.133">
    <error message="the query &quot;#logComment&quot; returned no nodes." type="org.testfx.api.FxRobotException"><![CDATA[org.testfx.api.FxRobotException: the query "#logComment" returned no nodes.
	at org.testfx.api.FxRobot.queryVisibleNode(FxRobot.java:949)
	at org.testfx.api.FxRobot.pointOfVisibleNode(FxRobot.java:922)
	at org.testfx.api.FxRobot.clickOn(FxRobot.java:630)
	at org.testfx.api.FxRobot.clickOn(FxRobot.java:59)
	at org.testfx.api.FxRobotInterface.clickOn(FxRobotInterface.java:639)
	at at.technikum.frontend/at.technikum.frontend.MainViewModelTest.testEditLogAndCancel(tourFXTest.java:232)
	at java.base/java.lang.reflect.Method.invoke(Method.java:580)
	at java.base/java.util.ArrayList.forEach(ArrayList.java:1596)
	at java.base/java.util.ArrayList.forEach(ArrayList.java:1596)
]]></error>
    <system-out><![CDATA[16:28:21.659 [JavaFX Application Thread] INFO  a.t.frontend.TourPlannerApplication - /atlantafx/base/theme/primer-dark.css
]]></system-out>
  </testcase>
  <testcase name="testDeleteButtonAndApply(FxRobot)" classname="at.technikum.frontend.MainViewModelTest" time="1.033">
    <system-out><![CDATA[16:28:22.792 [JavaFX Application Thread] INFO  a.t.frontend.TourPlannerApplication - /atlantafx/base/theme/primer-dark.css
]]></system-out>
  </testcase>
  <testcase name="testCreateLog(FxRobot)" classname="at.technikum.frontend.MainViewModelTest" time="1.015">
    <error message="org.testfx.service.query.EmptyNodeQueryException: there is no node in the scene-graph matching the query: NodeQuery: from nodes: [AnchorPane@379ff6f5[styleClass=root]],&#10;lookup by function: &quot;org.testfx.util.NodeQueryUtils$$Lambda/0x00000007c05b5230@21493f74&quot;,&#10;lookup by selector: &quot;#logStartDate&quot;" type="java.lang.RuntimeException"><![CDATA[java.lang.RuntimeException: 
org.testfx.service.query.EmptyNodeQueryException: there is no node in the scene-graph matching the query: NodeQuery: from nodes: [AnchorPane@379ff6f5[styleClass=root]],
lookup by function: "org.testfx.util.NodeQueryUtils$$Lambda/0x00000007c05b5230@21493f74",
lookup by selector: "#logStartDate"
	at org.testfx.util.WaitForAsyncUtils.waitFor(WaitForAsyncUtils.java:276)
	at org.testfx.api.FxRobot.interact(FxRobot.java:416)
	at at.technikum.frontend/at.technikum.frontend.MainViewModelTest.testCreateLog(tourFXTest.java:177)
	at java.base/java.lang.reflect.Method.invoke(Method.java:580)
	at java.base/java.util.ArrayList.forEach(ArrayList.java:1596)
	at java.base/java.util.ArrayList.forEach(ArrayList.java:1596)
Caused by: org.testfx.service.query.EmptyNodeQueryException: there is no node in the scene-graph matching the query: NodeQuery: from nodes: [AnchorPane@379ff6f5[styleClass=root]],
lookup by function: "org.testfx.util.NodeQueryUtils$$Lambda/0x00000007c05b5230@21493f74",
lookup by selector: "#logStartDate"
	at org.testfx.service.query.impl.NodeQueryImpl.query(NodeQueryImpl.java:131)
	at at.technikum.frontend/at.technikum.frontend.MainViewModelTest.lambda$testCreateLog$4(tourFXTest.java:178)
	at java.base/java.util.concurrent.Executors$RunnableAdapter.call(Executors.java:572)
	at java.base/java.util.concurrent.FutureTask.run(FutureTask.java:317)
	at javafx.graphics/com.sun.javafx.application.PlatformImpl.lambda$runLater$10(PlatformImpl.java:457)
	at java.base/java.security.AccessController.doPrivileged(AccessController.java:400)
	at javafx.graphics/com.sun.javafx.application.PlatformImpl.lambda$runLater$11(PlatformImpl.java:456)
	at javafx.graphics/com.sun.glass.ui.InvokeLaterDispatcher$Future.run(InvokeLaterDispatcher.java:96)
	at javafx.graphics/com.sun.glass.ui.gtk.GtkApplication._runLoop(Native Method)
	at javafx.graphics/com.sun.glass.ui.gtk.GtkApplication.lambda$runLoop$11(GtkApplication.java:290)
	at java.base/java.lang.Thread.run(Thread.java:1583)
]]></error>
    <system-out><![CDATA[16:28:23.825 [JavaFX Application Thread] INFO  a.t.frontend.TourPlannerApplication - /atlantafx/base/theme/primer-dark.css
]]></system-out>
    <system-err><![CDATA[--- Exception in Async Thread ---
org.testfx.service.query.EmptyNodeQueryException: there is no node in the scene-graph matching the query: NodeQuery: from nodes: [AnchorPane@379ff6f5[styleClass=root]],
lookup by function: "org.testfx.util.NodeQueryUtils$$Lambda/0x00000007c05b5230@21493f74",
lookup by selector: "#logStartDate"
	org.testfx.service.query.impl.NodeQueryImpl.query(NodeQueryImpl.java:131)
	at.technikum.frontend/at.technikum.frontend.MainViewModelTest.lambda$testCreateLog$4(tourFXTest.java:178)
	java.base/java.util.concurrent.Executors$RunnableAdapter.call(Executors.java:572)
	java.base/java.util.concurrent.FutureTask.run(FutureTask.java:317)
	javafx.graphics/com.sun.javafx.application.PlatformImpl.lambda$runLater$10(PlatformImpl.java:457)
	java.base/java.security.AccessController.doPrivileged(AccessController.java:400)
	javafx.graphics/com.sun.javafx.application.PlatformImpl.lambda$runLater$11(PlatformImpl.java:456)
	javafx.graphics/com.sun.glass.ui.InvokeLaterDispatcher$Future.run(InvokeLaterDispatcher.java:96)
	javafx.graphics/com.sun.glass.ui.gtk.GtkApplication._runLoop(Native Method)
	javafx.graphics/com.sun.glass.ui.gtk.GtkApplication.lambda$runLoop$11(GtkApplication.java:290)
	java.base/java.lang.Thread.run(Thread.java:1583)
--- Trace of caller of unhandled exception in Async Thread ---
	java.base/java.lang.Thread.getStackTrace(Thread.java:2451)
	org.testfx.util.WaitForAsyncUtils$ASyncFXCallable.<init>(WaitForAsyncUtils.java:645)
	org.testfx.util.WaitForAsyncUtils.asyncFx(WaitForAsyncUtils.java:235)
	org.testfx.api.FxRobot.interact(FxRobot.java:416)
	at.technikum.frontend/at.technikum.frontend.MainViewModelTest.testCreateLog(tourFXTest.java:177)
	java.base/jdk.internal.reflect.DirectMethodHandleAccessor.invoke(DirectMethodHandleAccessor.java:103)
	java.base/java.lang.reflect.Method.invoke(Method.java:580)
	org.junit.platform.commons.util.ReflectionUtils.invokeMethod(ReflectionUtils.java:775)
	org.junit.platform.commons.support.ReflectionSupport.invokeMethod(ReflectionSupport.java:479)
	org.junit.jupiter.engine.execution.MethodInvocation.proceed(MethodInvocation.java:60)
	org.junit.jupiter.engine.execution.InvocationInterceptorChain$ValidatingInvocation.proceed(InvocationInterceptorChain.java:131)
	org.junit.jupiter.engine.extension.TimeoutExtension.intercept(TimeoutExtension.java:161)
	org.junit.jupiter.engine.extension.TimeoutExtension.interceptTestableMethod(TimeoutExtension.java:152)
	org.junit.jupiter.engine.extension.TimeoutExtension.interceptTestMethod(TimeoutExtension.java:91)
	org.junit.jupiter.engine.execution.InterceptingExecutableInvoker$ReflectiveInterceptorCall.lambda$ofVoidMethod$0(InterceptingExecutableInvoker.java:112)
	org.junit.jupiter.engine.execution.InterceptingExecutableInvoker.lambda$invoke$0(InterceptingExecutableInvoker.java:94)
	org.junit.jupiter.engine.execution.InvocationInterceptorChain$InterceptedInvocation.proceed(InvocationInterceptorChain.java:106)
	org.junit.jupiter.engine.execution.InvocationInterceptorChain.proceed(InvocationInterceptorChain.java:64)
	org.junit.jupiter.engine.execution.InvocationInterceptorChain.chainAndInvoke(InvocationInterceptorChain.java:45)
	org.junit.jupiter.engine.execution.InvocationInterceptorChain.invoke(InvocationInterceptorChain.java:37)
	org.junit.jupiter.engine.execution.InterceptingExecutableInvoker.invoke(InterceptingExecutableInvoker.java:93)
	org.junit.jupiter.engine.execution.InterceptingExecutableInvoker.invoke(InterceptingExecutableInvoker.java:87)
	org.junit.jupiter.engine.descriptor.TestMethodTestDescriptor.lambda$invokeTestMethod$7(TestMethodTestDescriptor.java:216)
	org.junit.platform.engine.support.hierarchical.ThrowableCollector.execute(ThrowableCollector.java:73)
	org.junit.jupiter.engine.descriptor.TestMethodTestDescriptor.invokeTestMethod(TestMethodTestDescriptor.java:212)
	org.junit.jupiter.engine.descriptor.TestMethodTestDescriptor.execute(TestMethodTestDescriptor.java:137)
	org.junit.jupiter.engine.descriptor.TestMethodTestDescriptor.execute(TestMethodTestDescriptor.java:69)
	org.junit.platform.engine.support.hierarchical.NodeTestTask.lambda$executeRecursively$6(NodeTestTask.java:156)
	org.junit.platform.engine.support.hierarchical.ThrowableCollector.execute(ThrowableCollector.java:73)
	org.junit.platform.engine.support.hierarchical.NodeTestTask.lambda$executeRecursively$8(NodeTestTask.java:146)
	org.junit.platform.engine.support.hierarchical.Node.around(Node.java:137)
	org.junit.platform.engine.support.hierarchical.NodeTestTask.lambda$executeRecursively$9(NodeTestTask.java:144)
	org.junit.platform.engine.support.hierarchical.ThrowableCollector.execute(ThrowableCollector.java:73)
	org.junit.platform.engine.support.hierarchical.NodeTestTask.executeRecursively(NodeTestTask.java:143)
	org.junit.platform.engine.support.hierarchical.NodeTestTask.execute(NodeTestTask.java:100)
	java.base/java.util.ArrayList.forEach(ArrayList.java:1596)
	org.junit.platform.engine.support.hierarchical.SameThreadHierarchicalTestExecutorService.invokeAll(SameThreadHierarchicalTestExecutorService.java:41)
	org.junit.platform.engine.support.hierarchical.NodeTestTask.lambda$executeRecursively$6(NodeTestTask.java:160)
	org.junit.platform.engine.support.hierarchical.ThrowableCollector.execute(ThrowableCollector.java:73)
	org.junit.platform.engine.support.hierarchical.NodeTestTask.lambda$executeRecursively$8(NodeTestTask.java:146)
	org.junit.platform.engine.support.hierarchical.Node.around(Node.java:137)
	org.junit.platform.engine.support.hierarchical.NodeTestTask.lambda$executeRecursively$9(NodeTestTask.java:144)
	org.junit.platform.engine.support.hierarchical.ThrowableCollector.execute(ThrowableCollector.java:73)
	org.junit.platform.engine.support.hierarchical.NodeTestTask.executeRecursively(NodeTestTask.java:143)
	org.junit.platform.engine.support.hierarchical.NodeTestTask.execute(NodeTestTask.java:100)
	java.base/java.util.ArrayList.forEach(ArrayList.java:1596)
	org.junit.platform.engine.support.hierarchical.SameThreadHierarchicalTestExecutorService.invokeAll(SameThreadHierarchicalTestExecutorService.java:41)
	org.junit.platform.engine.support.hierarchical.NodeTestTask.lambda$executeRecursively$6(NodeTestTask.java:160)
	org.junit.platform.engine.support.hierarchical.ThrowableCollector.execute(ThrowableCollector.java:73)
	org.junit.platform.engine.support.hierarchical.NodeTestTask.lambda$executeRecursively$8(NodeTestTask.java:146)
	org.junit.platform.engine.support.hierarchical.Node.around(Node.java:137)
	org.junit.platform.engine.support.hierarchical.NodeTestTask.lambda$executeRecursively$9(NodeTestTask.java:144)
	org.junit.platform.engine.support.hierarchical.ThrowableCollector.execute(ThrowableCollector.java:73)
	org.junit.platform.engine.support.hierarchical.NodeTestTask.executeRecursively(NodeTestTask.java:143)
	org.junit.platform.engine.support.hierarchical.NodeTestTask.execute(NodeTestTask.java:100)
	org.junit.platform.engine.support.hierarchical.SameThreadHierarchicalTestExecutorService.submit(SameThreadHierarchicalTestExecutorService.java:35)
	org.junit.platform.engine.support.hierarchical.HierarchicalTestExecutor.execute(HierarchicalTestExecutor.java:57)
	org.junit.platform.engine.support.hierarchical.HierarchicalTestEngine.execute(HierarchicalTestEngine.java:54)
	org.junit.platform.launcher.core.EngineExecutionOrchestrator.execute(EngineExecutionOrchestrator.java:201)
	org.junit.platform.launcher.core.EngineExecutionOrchestrator.execute(EngineExecutionOrchestrator.java:170)
	org.junit.platform.launcher.core.EngineExecutionOrchestrator.execute(EngineExecutionOrchestrator.java:94)
	org.junit.platform.launcher.core.EngineExecutionOrchestrator.lambda$execute$0(EngineExecutionOrchestrator.java:59)
	org.junit.platform.launcher.core.EngineExecutionOrchestrator.withInterceptedStreams(EngineExecutionOrchestrator.java:142)
	org.junit.platform.launcher.core.EngineExecutionOrchestrator.execute(EngineExecutionOrchestrator.java:58)
	org.junit.platform.launcher.core.DefaultLauncher.execute(DefaultLauncher.java:103)
	org.junit.platform.launcher.core.DefaultLauncher.execute(DefaultLauncher.java:85)
	org.junit.platform.launcher.core.DelegatingLauncher.execute(DelegatingLauncher.java:47)
	org.junit.platform.launcher.core.InterceptingLauncher.lambda$execute$1(InterceptingLauncher.java:39)
	org.junit.platform.launcher.core.ClasspathAlignmentCheckingLauncherInterceptor.intercept(ClasspathAlignmentCheckingLauncherInterceptor.java:25)
	org.junit.platform.launcher.core.InterceptingLauncher.execute(InterceptingLauncher.java:38)
	org.junit.platform.launcher.core.DelegatingLauncher.execute(DelegatingLauncher.java:47)
	org.apache.maven.surefire.junitplatform.LazyLauncher.execute(LazyLauncher.java:56)
	org.apache.maven.surefire.junitplatform.JUnitPlatformProvider.execute(JUnitPlatformProvider.java:184)
	org.apache.maven.surefire.junitplatform.JUnitPlatformProvider.invokeAllTests(JUnitPlatformProvider.java:148)
	org.apache.maven.surefire.junitplatform.JUnitPlatformProvider.invoke(JUnitPlatformProvider.java:122)
	org.apache.maven.surefire.booter.ForkedBooter.runSuitesInProcess(ForkedBooter.java:385)
	org.apache.maven.surefire.booter.ForkedBooter.execute(ForkedBooter.java:162)
	org.apache.maven.surefire.booter.ForkedBooter.run(ForkedBooter.java:507)
	org.apache.maven.surefire.booter.ForkedBooter.main(ForkedBooter.java:495)

]]></system-err>
  </testcase>
  <testcase name="testDeleteTourEntry(FxRobot)" classname="at.technikum.frontend.MainViewModelTest" time="1.032">
    <system-out><![CDATA[16:28:24.841 [JavaFX Application Thread] INFO  a.t.frontend.TourPlannerApplication - /atlantafx/base/theme/primer-dark.css
]]></system-out>
  </testcase>
  <testcase name="testDeleteMultipleLogs(FxRobot)" classname="at.technikum.frontend.MainViewModelTest" time="1.282">
    <system-out><![CDATA[16:28:25.873 [JavaFX Application Thread] INFO  a.t.frontend.TourPlannerApplication - /atlantafx/base/theme/primer-dark.css
]]></system-out>
  </testcase>
  <testcase name="testNameOfFirstListItem(FxRobot)" classname="at.technikum.frontend.MainViewModelTest" time="0.284">
    <system-out><![CDATA[16:28:27.156 [JavaFX Application Thread] INFO  a.t.frontend.TourPlannerApplication - /atlantafx/base/theme/primer-dark.css
]]></system-out>
  </testcase>
  <testcase name="testEditLog(FxRobot)" classname="at.technikum.frontend.MainViewModelTest" time="3.253">
    <system-out><![CDATA[16:28:27.440 [JavaFX Application Thread] INFO  a.t.frontend.TourPlannerApplication - /atlantafx/base/theme/primer-dark.css
]]></system-out>
  </testcase>
</testsuite>